2025-07-15 17:04:16 - __main__ - INFO - Starting training process for svm
2025-07-15 17:04:16 - __main__ - INFO - Data source: phone
2025-07-15 17:04:16 - __main__ - INFO - Initialized classifier: SVC
2025-07-15 17:04:16 - __main__ - INFO - Fitting GridSearchCV...
2025-07-15 17:07:20 - __main__ - INFO - Best parameters found: {'classifier__C': 20.49074689815846, 'classifier__gamma': 0.001, 'classifier__kernel': 'sigmoid'}
2025-07-15 17:07:20 - __main__ - INFO - Saved best parameters to results/train/phone/42/svm/best_params.json
2025-07-15 17:07:20 - __main__ - INFO - Training completed successfully
2025-07-21 11:00:55 - __main__ - INFO - Starting training process for svm
2025-07-21 11:00:55 - __main__ - INFO - Data source: phone
2025-07-21 11:00:55 - __main__ - INFO - Initialized classifier: SVC
2025-07-21 11:00:55 - __main__ - INFO - Fitting GridSearchCV...
2025-07-21 11:02:45 - __main__ - INFO - Best parameters found: {'classifier__C': 0.9011018251665018, 'classifier__gamma': 'scale', 'classifier__kernel': 'linear'}
2025-07-21 11:02:45 - __main__ - INFO - Saved best parameters to results/train/phone/42/svm/best_params.json
2025-07-21 11:02:45 - __main__ - INFO - Training completed successfully
2025-07-30 16:45:51 - __main__ - INFO - Starting training process for svm
2025-07-30 16:45:51 - __main__ - INFO - Data source: phone
2025-07-30 16:45:51 - __main__ - INFO - Initialized classifier: SVC
2025-07-30 16:45:51 - __main__ - INFO - Fitting GridSearchCV...
2025-07-30 16:51:57 - __main__ - INFO - Best parameters found: {'classifier__C': 35.707859649004625, 'classifier__gamma': 0.001, 'classifier__kernel': 'rbf'}
2025-07-30 16:51:57 - __main__ - INFO - Saved best parameters to results_rm/train/phone/42/svm/best_params.json
2025-07-30 16:51:57 - __main__ - INFO - Training completed successfully
2025-07-30 17:37:50 - __main__ - INFO - Starting training process for svm
2025-07-30 17:37:50 - __main__ - INFO - Data source: phone
2025-07-30 17:37:50 - __main__ - INFO - Initialized classifier: SVC
2025-07-30 17:37:50 - __main__ - INFO - Fitting GridSearchCV...
2025-07-30 17:43:44 - __main__ - INFO - Best parameters found: {'classifier__C': 35.707859649004625, 'classifier__gamma': 0.001, 'classifier__kernel': 'rbf'}
2025-07-30 17:43:44 - __main__ - INFO - Saved best parameters to results_rm/train/phone/42/svm/best_params.json
2025-07-30 17:43:44 - __main__ - INFO - Training completed successfully
2025-07-31 09:00:54 - __main__ - INFO - Starting training process for svm
2025-07-31 09:00:54 - __main__ - INFO - Data source: phone
2025-07-31 09:00:54 - __main__ - INFO - Initialized classifier: SVC
2025-07-31 09:00:54 - __main__ - INFO - Fitting GridSearchCV...
2025-07-31 09:02:02 - __main__ - INFO - Best parameters found: {'classifier__C': 0.48241087041653685, 'classifier__gamma': 'auto', 'classifier__kernel': 'rbf'}
2025-07-31 09:02:02 - __main__ - INFO - Saved best parameters to results_rm/train/phone/42/svm/best_params.json
2025-07-31 09:02:02 - __main__ - INFO - Training completed successfully
2025-09-13 14:53:50 - __main__ - INFO - Starting training process for svm
2025-09-13 14:53:50 - __main__ - INFO - Data source: phone
2025-09-13 14:53:50 - __main__ - INFO - Initialized classifier: SVC
2025-09-13 14:53:50 - __main__ - INFO - Fitting GridSearchCV...
2025-09-13 14:57:22 - __main__ - INFO - Best parameters found: {'classifier__C': 33.3129478793467, 'classifier__gamma': 0.001, 'classifier__kernel': 'sigmoid'}
2025-09-13 14:57:22 - __main__ - INFO - Saved best parameters to results/train/phone/42/svm/best_params.json
2025-09-13 14:57:22 - __main__ - INFO - Training completed successfully
