2025-07-21 11:14:34 - __main__ - INFO - Starting training process for svm
2025-07-21 11:14:34 - __main__ - INFO - Data source: eyelink
2025-07-21 11:14:34 - __main__ - INFO - Initialized classifier: SVC
2025-07-21 11:14:34 - __main__ - INFO - Fitting GridSearchCV...
2025-07-21 11:15:44 - __main__ - INFO - Best parameters found: {'classifier__C': 188.96523396912076, 'classifier__gamma': 0.001, 'classifier__kernel': 'rbf'}
2025-07-21 11:15:44 - __main__ - INFO - Saved best parameters to results/train/eyelink/42/svm/best_params.json
2025-07-21 11:15:44 - __main__ - INFO - Training completed successfully
2025-07-30 17:02:26 - __main__ - INFO - Starting training process for svm
2025-07-30 17:02:26 - __main__ - INFO - Data source: eyelink
2025-07-30 17:02:26 - __main__ - INFO - Initialized classifier: SVC
2025-07-30 17:02:26 - __main__ - INFO - Fitting GridSearchCV...
2025-07-30 17:04:38 - __main__ - INFO - Best parameters found: {'classifier__C': 35.707859649004625, 'classifier__gamma': 0.001, 'classifier__kernel': 'rbf'}
2025-07-30 17:04:38 - __main__ - INFO - Saved best parameters to results_rm/train/eyelink/42/svm/best_params.json
2025-07-30 17:04:38 - __main__ - INFO - Training completed successfully
2025-07-30 17:53:37 - __main__ - INFO - Starting training process for svm
2025-07-30 17:53:37 - __main__ - INFO - Data source: eyelink
2025-07-30 17:53:37 - __main__ - INFO - Initialized classifier: SVC
2025-07-30 17:53:37 - __main__ - INFO - Fitting GridSearchCV...
2025-07-30 17:55:47 - __main__ - INFO - Best parameters found: {'classifier__C': 35.707859649004625, 'classifier__gamma': 0.001, 'classifier__kernel': 'rbf'}
2025-07-30 17:55:47 - __main__ - INFO - Saved best parameters to results_rm/train/eyelink/42/svm/best_params.json
2025-07-30 17:55:47 - __main__ - INFO - Training completed successfully
2025-07-31 09:11:09 - __main__ - INFO - Starting training process for svm
2025-07-31 09:11:09 - __main__ - INFO - Data source: eyelink
2025-07-31 09:11:09 - __main__ - INFO - Initialized classifier: SVC
2025-07-31 09:11:09 - __main__ - INFO - Fitting GridSearchCV...
2025-07-31 09:12:15 - __main__ - INFO - Best parameters found: {'classifier__C': 0.018464249428955436, 'classifier__gamma': 'scale', 'classifier__kernel': 'linear'}
2025-07-31 09:12:15 - __main__ - INFO - Saved best parameters to results_rm/train/eyelink/42/svm/best_params.json
2025-07-31 09:12:15 - __main__ - INFO - Training completed successfully
2025-09-13 14:54:19 - __main__ - INFO - Starting training process for svm
2025-09-13 14:54:19 - __main__ - INFO - Data source: eyelink
2025-09-13 14:54:19 - __main__ - INFO - Initialized classifier: SVC
2025-09-13 14:54:19 - __main__ - INFO - Fitting GridSearchCV...
2025-09-13 14:57:40 - __main__ - INFO - Best parameters found: {'classifier__C': 0.008026433522257174, 'classifier__gamma': 'scale', 'classifier__kernel': 'linear'}
2025-09-13 14:57:40 - __main__ - INFO - Saved best parameters to results/train/eyelink/42/svm/best_params.json
2025-09-13 14:57:40 - __main__ - INFO - Training completed successfully
