2025-07-15 17:11:19 - __main__ - INFO - Starting training process for bagging
2025-07-15 17:11:19 - __main__ - INFO - Data source: eyelink
2025-07-15 17:11:19 - __main__ - INFO - Initialized classifier: BaggingClassifier
2025-07-15 17:11:19 - __main__ - INFO - Fitting GridSearchCV...
2025-07-15 17:12:03 - __main__ - INFO - Best parameters found: {'classifier__max_features': 1.0, 'classifier__max_samples': 0.5, 'classifier__n_estimators': 200}
2025-07-15 17:12:03 - __main__ - INFO - Saved best parameters to results/train/eyelink/42/bagging/best_params.json
2025-07-15 17:12:03 - __main__ - INFO - Training completed successfully
2025-07-21 11:23:39 - __main__ - INFO - Starting training process for bagging
2025-07-21 11:23:39 - __main__ - INFO - Data source: eyelink
2025-07-21 11:23:39 - __main__ - INFO - Initialized classifier: BaggingClassifier
2025-07-21 11:23:39 - __main__ - INFO - Fitting GridSearchCV...
2025-07-21 11:24:10 - __main__ - INFO - Best parameters found: {'classifier__max_features': 1.0, 'classifier__max_samples': 0.5, 'classifier__n_estimators': 200}
2025-07-21 11:24:10 - __main__ - INFO - Saved best parameters to results/train/eyelink/42/bagging/best_params.json
2025-07-21 11:24:10 - __main__ - INFO - Training completed successfully
2025-07-30 17:11:51 - __main__ - INFO - Starting training process for bagging
2025-07-30 17:11:51 - __main__ - INFO - Data source: eyelink
2025-07-30 17:11:51 - __main__ - INFO - Initialized classifier: BaggingClassifier
2025-07-30 17:11:51 - __main__ - INFO - Fitting GridSearchCV...
2025-07-30 17:12:33 - __main__ - INFO - Best parameters found: {'classifier__max_features': 0.5, 'classifier__max_samples': 0.7, 'classifier__n_estimators': 200}
2025-07-30 17:12:33 - __main__ - INFO - Saved best parameters to results_rm/train/eyelink/42/bagging/best_params.json
2025-07-30 17:12:33 - __main__ - INFO - Training completed successfully
2025-07-30 18:02:47 - __main__ - INFO - Starting training process for bagging
2025-07-30 18:02:47 - __main__ - INFO - Data source: eyelink
2025-07-30 18:02:47 - __main__ - INFO - Initialized classifier: BaggingClassifier
2025-07-30 18:02:47 - __main__ - INFO - Fitting GridSearchCV...
2025-07-30 18:03:26 - __main__ - INFO - Best parameters found: {'classifier__max_features': 0.5, 'classifier__max_samples': 0.7, 'classifier__n_estimators': 200}
2025-07-30 18:03:26 - __main__ - INFO - Saved best parameters to results_rm/train/eyelink/42/bagging/best_params.json
2025-07-30 18:03:26 - __main__ - INFO - Training completed successfully
2025-07-31 09:18:45 - __main__ - INFO - Starting training process for bagging
2025-07-31 09:18:45 - __main__ - INFO - Data source: eyelink
2025-07-31 09:18:45 - __main__ - INFO - Initialized classifier: BaggingClassifier
2025-07-31 09:18:45 - __main__ - INFO - Fitting GridSearchCV...
2025-07-31 09:19:17 - __main__ - INFO - Best parameters found: {'classifier__max_features': 0.5, 'classifier__max_samples': 0.5, 'classifier__n_estimators': 100}
2025-07-31 09:19:17 - __main__ - INFO - Saved best parameters to results_rm/train/eyelink/42/bagging/best_params.json
2025-07-31 09:19:17 - __main__ - INFO - Training completed successfully
2025-09-13 15:10:49 - __main__ - INFO - Starting training process for bagging
2025-09-13 15:10:49 - __main__ - INFO - Data source: eyelink
2025-09-13 15:10:49 - __main__ - INFO - Initialized classifier: BaggingClassifier
2025-09-13 15:10:49 - __main__ - INFO - Fitting GridSearchCV...
2025-09-13 15:11:21 - __main__ - INFO - Best parameters found: {'classifier__max_features': 1.0, 'classifier__max_samples': 0.5, 'classifier__n_estimators': 200}
2025-09-13 15:11:21 - __main__ - INFO - Saved best parameters to results/train/eyelink/42/bagging/best_params.json
2025-09-13 15:11:21 - __main__ - INFO - Training completed successfully
