2025-07-21 11:10:21 - __main__ - INFO - Starting training process for catboost
2025-07-21 11:10:21 - __main__ - INFO - Data source: phone
2025-07-21 11:10:21 - __main__ - INFO - Initialized classifier: CatBoostClassifier
2025-07-21 11:10:21 - __main__ - INFO - Fitting GridSearchCV...
2025-07-21 11:11:58 - __main__ - INFO - Best parameters found: {'classifier__depth': 2, 'classifier__iterations': 500, 'classifier__learning_rate': 0.1}
2025-07-21 11:11:58 - __main__ - INFO - Saved best parameters to results/train/phone/42/catboost/best_params.json
2025-07-21 11:11:58 - __main__ - INFO - Training completed successfully
2025-07-30 17:00:03 - __main__ - INFO - Starting training process for catboost
2025-07-30 17:00:03 - __main__ - INFO - Data source: phone
2025-07-30 17:00:03 - __main__ - INFO - Initialized classifier: CatBoostClassifier
2025-07-30 17:00:03 - __main__ - INFO - Fitting GridSearchCV...
2025-07-30 17:01:46 - __main__ - INFO - Best parameters found: {'classifier__depth': 2, 'classifier__iterations': 500, 'classifier__learning_rate': 0.01}
2025-07-30 17:01:46 - __main__ - INFO - Saved best parameters to results_rm/train/phone/42/catboost/best_params.json
2025-07-30 17:01:46 - __main__ - INFO - Training completed successfully
2025-07-30 17:51:21 - __main__ - INFO - Starting training process for catboost
2025-07-30 17:51:21 - __main__ - INFO - Data source: phone
2025-07-30 17:51:21 - __main__ - INFO - Initialized classifier: CatBoostClassifier
2025-07-30 17:51:21 - __main__ - INFO - Fitting GridSearchCV...
2025-07-30 17:53:04 - __main__ - INFO - Best parameters found: {'classifier__depth': 2, 'classifier__iterations': 500, 'classifier__learning_rate': 0.01}
2025-07-30 17:53:04 - __main__ - INFO - Saved best parameters to results_rm/train/phone/42/catboost/best_params.json
2025-07-30 17:53:04 - __main__ - INFO - Training completed successfully
2025-07-31 09:09:09 - __main__ - INFO - Starting training process for catboost
2025-07-31 09:09:09 - __main__ - INFO - Data source: phone
2025-07-31 09:09:09 - __main__ - INFO - Initialized classifier: CatBoostClassifier
2025-07-31 09:09:09 - __main__ - INFO - Fitting GridSearchCV...
2025-07-31 09:10:35 - __main__ - INFO - Best parameters found: {'classifier__depth': 4, 'classifier__iterations': 500, 'classifier__learning_rate': 0.01}
2025-07-31 09:10:35 - __main__ - INFO - Saved best parameters to results_rm/train/phone/42/catboost/best_params.json
2025-07-31 09:10:35 - __main__ - INFO - Training completed successfully
2025-09-13 15:21:44 - __main__ - INFO - Starting training process for catboost
2025-09-13 15:21:44 - __main__ - INFO - Data source: phone
2025-09-13 15:21:44 - __main__ - INFO - Initialized classifier: CatBoostClassifier
2025-09-13 15:21:44 - __main__ - INFO - Fitting GridSearchCV...
2025-09-13 15:24:44 - __main__ - INFO - Best parameters found: {'classifier__depth': 2, 'classifier__iterations': 500, 'classifier__learning_rate': 0.1}
2025-09-13 15:24:44 - __main__ - INFO - Saved best parameters to results/train/phone/42/catboost/best_params.json
2025-09-13 15:24:44 - __main__ - INFO - Training completed successfully
