2025-07-15 17:01:58 - __main__ - INFO - Starting training process for nb
2025-07-15 17:01:58 - __main__ - INFO - Data source: eyelink
2025-07-15 17:01:58 - __main__ - INFO - Initialized classifier: GaussianNB
2025-07-15 17:01:58 - __main__ - INFO - Fitting GridSearchCV...
2025-07-15 17:02:02 - __main__ - INFO - Best parameters found: {'classifier__var_smoothing': 1e-09}
2025-07-15 17:02:02 - __main__ - INFO - Saved best parameters to results/train/eyelink/42/nb/best_params.json
2025-07-15 17:02:02 - __main__ - INFO - Training completed successfully
2025-07-15 17:25:52 - __main__ - INFO - Starting training process for nb
2025-07-15 17:25:52 - __main__ - INFO - Data source: eyelink
2025-07-15 17:25:52 - __main__ - INFO - Initialized classifier: GaussianNB
2025-07-15 17:25:52 - __main__ - INFO - Fitting GridSearchCV...
2025-07-15 17:25:56 - __main__ - INFO - Best parameters found: {'classifier__var_smoothing': 1e-09}
2025-07-15 17:25:56 - __main__ - INFO - Saved best parameters to results/train/eyelink/42/nb/best_params.json
2025-07-15 17:25:56 - __main__ - INFO - Training completed successfully
2025-07-21 11:18:14 - __main__ - INFO - Starting training process for nb
2025-07-21 11:18:14 - __main__ - INFO - Data source: eyelink
2025-07-21 11:18:14 - __main__ - INFO - Initialized classifier: GaussianNB
2025-07-21 11:18:14 - __main__ - INFO - Fitting GridSearchCV...
2025-07-21 11:18:18 - __main__ - INFO - Best parameters found: {'classifier__var_smoothing': 1e-09}
2025-07-21 11:18:18 - __main__ - INFO - Saved best parameters to results/train/eyelink/42/nb/best_params.json
2025-07-21 11:18:18 - __main__ - INFO - Training completed successfully
2025-07-21 11:28:33 - __main__ - INFO - Starting training process for nb
2025-07-21 11:28:33 - __main__ - INFO - Data source: eyelink
2025-07-21 11:28:33 - __main__ - INFO - Initialized classifier: GaussianNB
2025-07-21 11:28:33 - __main__ - INFO - Fitting GridSearchCV...
2025-07-21 11:28:37 - __main__ - INFO - Best parameters found: {'classifier__var_smoothing': 1e-09}
2025-07-21 11:28:37 - __main__ - INFO - Saved best parameters to results/train/eyelink/42/nb/best_params.json
2025-07-21 11:28:37 - __main__ - INFO - Training completed successfully
2025-07-30 17:05:57 - __main__ - INFO - Starting training process for nb
2025-07-30 17:05:57 - __main__ - INFO - Data source: eyelink
2025-07-30 17:05:57 - __main__ - INFO - Initialized classifier: GaussianNB
2025-07-30 17:05:57 - __main__ - INFO - Fitting GridSearchCV...
2025-07-30 17:06:00 - __main__ - INFO - Best parameters found: {'classifier__var_smoothing': 1e-09}
2025-07-30 17:06:00 - __main__ - INFO - Saved best parameters to results_rm/train/eyelink/42/nb/best_params.json
2025-07-30 17:06:00 - __main__ - INFO - Training completed successfully
2025-07-30 17:25:34 - __main__ - INFO - Starting training process for nb
2025-07-30 17:25:34 - __main__ - INFO - Data source: eyelink
2025-07-30 17:25:34 - __main__ - INFO - Initialized classifier: GaussianNB
2025-07-30 17:25:34 - __main__ - INFO - Fitting GridSearchCV...
2025-07-30 17:25:37 - __main__ - INFO - Best parameters found: {'classifier__var_smoothing': 1e-09}
2025-07-30 17:25:37 - __main__ - INFO - Saved best parameters to results_rm/train/eyelink/42/nb/best_params.json
2025-07-30 17:25:37 - __main__ - INFO - Training completed successfully
2025-07-30 17:56:58 - __main__ - INFO - Starting training process for nb
2025-07-30 17:56:58 - __main__ - INFO - Data source: eyelink
2025-07-30 17:56:58 - __main__ - INFO - Initialized classifier: GaussianNB
2025-07-30 17:56:58 - __main__ - INFO - Fitting GridSearchCV...
2025-07-30 17:57:01 - __main__ - INFO - Best parameters found: {'classifier__var_smoothing': 1e-09}
2025-07-30 17:57:01 - __main__ - INFO - Saved best parameters to results_rm/train/eyelink/42/nb/best_params.json
2025-07-30 17:57:01 - __main__ - INFO - Training completed successfully
2025-07-31 09:21:23 - __main__ - INFO - Starting training process for nb
2025-07-31 09:21:23 - __main__ - INFO - Data source: eyelink
2025-07-31 09:21:23 - __main__ - INFO - Initialized classifier: GaussianNB
2025-07-31 09:21:23 - __main__ - INFO - Fitting GridSearchCV...
2025-07-31 09:21:26 - __main__ - INFO - Best parameters found: {'classifier__var_smoothing': 1e-09}
2025-07-31 09:21:26 - __main__ - INFO - Saved best parameters to results_rm/train/eyelink/42/nb/best_params.json
2025-07-31 09:21:26 - __main__ - INFO - Training completed successfully
2025-09-13 14:59:41 - __main__ - INFO - Starting training process for nb
2025-09-13 14:59:41 - __main__ - INFO - Data source: eyelink
2025-09-13 14:59:41 - __main__ - INFO - Initialized classifier: GaussianNB
2025-09-13 14:59:41 - __main__ - INFO - Fitting GridSearchCV...
2025-09-13 14:59:49 - __main__ - INFO - Best parameters found: {'classifier__var_smoothing': 1e-09}
2025-09-13 14:59:49 - __main__ - INFO - Saved best parameters to results/train/eyelink/42/nb/best_params.json
2025-09-13 14:59:49 - __main__ - INFO - Training completed successfully
