2025-07-15 17:12:31 - __main__ - INFO - Starting training process for nb
2025-07-15 17:12:31 - __main__ - INFO - Data source: phone
2025-07-15 17:12:31 - __main__ - INFO - Initialized classifier: GaussianNB
2025-07-15 17:12:31 - __main__ - INFO - Fitting GridSearchCV...
2025-07-15 17:12:35 - __main__ - INFO - Best parameters found: {'classifier__var_smoothing': 1e-09}
2025-07-15 17:12:35 - __main__ - INFO - Saved best parameters to results/train/phone/42/nb/best_params.json
2025-07-15 17:12:35 - __main__ - INFO - Training completed successfully
2025-07-15 17:26:14 - __main__ - INFO - Starting training process for nb
2025-07-15 17:26:14 - __main__ - INFO - Data source: phone
2025-07-15 17:26:14 - __main__ - INFO - Initialized classifier: GaussianNB
2025-07-15 17:26:14 - __main__ - INFO - Fitting GridSearchCV...
2025-07-15 17:26:18 - __main__ - INFO - Best parameters found: {'classifier__var_smoothing': 1e-09}
2025-07-15 17:26:18 - __main__ - INFO - Saved best parameters to results/train/phone/42/nb/best_params.json
2025-07-15 17:26:18 - __main__ - INFO - Training completed successfully
2025-07-21 11:03:49 - __main__ - INFO - Starting training process for nb
2025-07-21 11:03:49 - __main__ - INFO - Data source: phone
2025-07-21 11:03:49 - __main__ - INFO - Initialized classifier: GaussianNB
2025-07-21 11:03:49 - __main__ - INFO - Fitting GridSearchCV...
2025-07-21 11:03:52 - __main__ - INFO - Best parameters found: {'classifier__var_smoothing': 1e-09}
2025-07-21 11:03:52 - __main__ - INFO - Saved best parameters to results/train/phone/42/nb/best_params.json
2025-07-21 11:03:52 - __main__ - INFO - Training completed successfully
2025-07-21 11:13:32 - __main__ - INFO - Starting training process for nb
2025-07-21 11:13:32 - __main__ - INFO - Data source: phone
2025-07-21 11:13:32 - __main__ - INFO - Initialized classifier: GaussianNB
2025-07-21 11:13:32 - __main__ - INFO - Fitting GridSearchCV...
2025-07-21 11:13:35 - __main__ - INFO - Best parameters found: {'classifier__var_smoothing': 1e-09}
2025-07-21 11:13:35 - __main__ - INFO - Saved best parameters to results/train/phone/42/nb/best_params.json
2025-07-21 11:13:35 - __main__ - INFO - Training completed successfully
2025-07-30 16:53:17 - __main__ - INFO - Starting training process for nb
2025-07-30 16:53:17 - __main__ - INFO - Data source: phone
2025-07-30 16:53:17 - __main__ - INFO - Initialized classifier: GaussianNB
2025-07-30 16:53:17 - __main__ - INFO - Fitting GridSearchCV...
2025-07-30 16:53:20 - __main__ - INFO - Best parameters found: {'classifier__var_smoothing': 1e-09}
2025-07-30 16:53:20 - __main__ - INFO - Saved best parameters to results_rm/train/phone/42/nb/best_params.json
2025-07-30 16:53:20 - __main__ - INFO - Training completed successfully
2025-07-30 17:25:19 - __main__ - INFO - Starting training process for nb
2025-07-30 17:25:19 - __main__ - INFO - Data source: phone
2025-07-30 17:25:19 - __main__ - INFO - Initialized classifier: GaussianNB
2025-07-30 17:25:19 - __main__ - INFO - Fitting GridSearchCV...
2025-07-30 17:25:22 - __main__ - INFO - Best parameters found: {'classifier__var_smoothing': 1e-09}
2025-07-30 17:25:22 - __main__ - INFO - Saved best parameters to results_rm/train/phone/42/nb/best_params.json
2025-07-30 17:25:22 - __main__ - INFO - Training completed successfully
2025-07-30 17:44:53 - __main__ - INFO - Starting training process for nb
2025-07-30 17:44:53 - __main__ - INFO - Data source: phone
2025-07-30 17:44:53 - __main__ - INFO - Initialized classifier: GaussianNB
2025-07-30 17:44:53 - __main__ - INFO - Fitting GridSearchCV...
2025-07-30 17:44:56 - __main__ - INFO - Best parameters found: {'classifier__var_smoothing': 1e-09}
2025-07-30 17:44:56 - __main__ - INFO - Saved best parameters to results_rm/train/phone/42/nb/best_params.json
2025-07-30 17:44:56 - __main__ - INFO - Training completed successfully
2025-07-31 09:21:17 - __main__ - INFO - Starting training process for nb
2025-07-31 09:21:17 - __main__ - INFO - Data source: phone
2025-07-31 09:21:17 - __main__ - INFO - Initialized classifier: GaussianNB
2025-07-31 09:21:17 - __main__ - INFO - Fitting GridSearchCV...
2025-07-31 09:21:20 - __main__ - INFO - Best parameters found: {'classifier__var_smoothing': 1e-09}
2025-07-31 09:21:20 - __main__ - INFO - Saved best parameters to results_rm/train/phone/42/nb/best_params.json
2025-07-31 09:21:20 - __main__ - INFO - Training completed successfully
2025-09-13 14:59:31 - __main__ - INFO - Starting training process for nb
2025-09-13 14:59:31 - __main__ - INFO - Data source: phone
2025-09-13 14:59:31 - __main__ - INFO - Initialized classifier: GaussianNB
2025-09-13 14:59:31 - __main__ - INFO - Fitting GridSearchCV...
2025-09-13 14:59:37 - __main__ - INFO - Best parameters found: {'classifier__var_smoothing': 1e-09}
2025-09-13 14:59:37 - __main__ - INFO - Saved best parameters to results/train/phone/42/nb/best_params.json
2025-09-13 14:59:37 - __main__ - INFO - Training completed successfully
