2025-07-15 17:07:40 - __main__ - INFO - Starting training process for lr
2025-07-15 17:07:40 - __main__ - INFO - Data source: phone
2025-07-15 17:07:40 - __main__ - INFO - Initialized classifier: LogisticRegression
2025-07-15 17:07:40 - __main__ - INFO - Fitting GridSearchCV...
2025-07-15 17:12:19 - __main__ - INFO - Best parameters found: {'classifier__C': 0.03384772855945983, 'classifier__penalty': 'l2', 'classifier__solver': 'saga'}
2025-07-15 17:12:19 - __main__ - INFO - Saved best parameters to results/train/phone/42/lr/best_params.json
2025-07-15 17:12:19 - __main__ - INFO - Training completed successfully
2025-07-21 11:02:47 - __main__ - INFO - Starting training process for lr
2025-07-21 11:02:47 - __main__ - INFO - Data source: phone
2025-07-21 11:02:47 - __main__ - INFO - Initialized classifier: LogisticRegression
2025-07-21 11:02:47 - __main__ - INFO - Fitting GridSearchCV...
2025-07-21 11:03:39 - __main__ - INFO - Best parameters found: {'classifier__C': 0.19646866461804466, 'classifier__penalty': 'l1', 'classifier__solver': 'saga'}
2025-07-21 11:03:39 - __main__ - INFO - Saved best parameters to results/train/phone/42/lr/best_params.json
2025-07-21 11:03:39 - __main__ - INFO - Training completed successfully
2025-07-30 16:52:01 - __main__ - INFO - Starting training process for lr
2025-07-30 16:52:01 - __main__ - INFO - Data source: phone
2025-07-30 16:52:01 - __main__ - INFO - Initialized classifier: LogisticRegression
2025-07-30 16:52:01 - __main__ - INFO - Fitting GridSearchCV...
2025-07-30 16:53:07 - __main__ - INFO - Best parameters found: {'classifier__C': 0.23462288481422625, 'classifier__penalty': 'l1', 'classifier__solver': 'saga'}
2025-07-30 16:53:07 - __main__ - INFO - Saved best parameters to results_rm/train/phone/42/lr/best_params.json
2025-07-30 16:53:07 - __main__ - INFO - Training completed successfully
2025-07-30 17:43:47 - __main__ - INFO - Starting training process for lr
2025-07-30 17:43:47 - __main__ - INFO - Data source: phone
2025-07-30 17:43:47 - __main__ - INFO - Initialized classifier: LogisticRegression
2025-07-30 17:43:47 - __main__ - INFO - Fitting GridSearchCV...
2025-07-30 17:44:43 - __main__ - INFO - Best parameters found: {'classifier__C': 0.23462288481422625, 'classifier__penalty': 'l1', 'classifier__solver': 'saga'}
2025-07-30 17:44:43 - __main__ - INFO - Saved best parameters to results_rm/train/phone/42/lr/best_params.json
2025-07-30 17:44:43 - __main__ - INFO - Training completed successfully
2025-07-31 09:02:05 - __main__ - INFO - Starting training process for lr
2025-07-31 09:02:05 - __main__ - INFO - Data source: phone
2025-07-31 09:02:05 - __main__ - INFO - Initialized classifier: LogisticRegression
2025-07-31 09:02:05 - __main__ - INFO - Fitting GridSearchCV...
2025-07-31 09:02:57 - __main__ - INFO - Best parameters found: {'classifier__C': 0.03977403024058037, 'classifier__penalty': 'l1', 'classifier__solver': 'saga'}
2025-07-31 09:02:57 - __main__ - INFO - Saved best parameters to results_rm/train/phone/42/lr/best_params.json
2025-07-31 09:02:57 - __main__ - INFO - Training completed successfully
2025-09-13 14:57:35 - __main__ - INFO - Starting training process for lr
2025-09-13 14:57:35 - __main__ - INFO - Data source: phone
2025-09-13 14:57:35 - __main__ - INFO - Initialized classifier: LogisticRegression
2025-09-13 14:57:35 - __main__ - INFO - Fitting GridSearchCV...
2025-09-13 14:59:13 - __main__ - INFO - Best parameters found: {'classifier__C': 0.4262158829015325, 'classifier__penalty': 'l1', 'classifier__solver': 'saga'}
2025-09-13 14:59:13 - __main__ - INFO - Saved best parameters to results/train/phone/42/lr/best_params.json
2025-09-13 14:59:13 - __main__ - INFO - Training completed successfully
