2025-07-15 17:12:48 - __main__ - INFO - Starting training process for rf
2025-07-15 17:12:48 - __main__ - INFO - Data source: phone
2025-07-15 17:12:48 - __main__ - INFO - Initialized classifier: RandomForestClassifier
2025-07-15 17:12:48 - __main__ - INFO - Fitting GridSearchCV...
2025-07-15 17:21:25 - __main__ - INFO - Best parameters found: {'classifier__max_depth': 15, 'classifier__min_samples_leaf': 2, 'classifier__min_samples_split': 2, 'classifier__n_estimators': 400}
2025-07-15 17:21:27 - __main__ - INFO - Saved best parameters to results/train/phone/42/rf/best_params.json
2025-07-15 17:21:27 - __main__ - INFO - Training completed successfully
2025-07-21 11:04:04 - __main__ - INFO - Starting training process for rf
2025-07-21 11:04:04 - __main__ - INFO - Data source: phone
2025-07-21 11:04:04 - __main__ - INFO - Initialized classifier: RandomForestClassifier
2025-07-21 11:04:04 - __main__ - INFO - Fitting GridSearchCV...
2025-07-21 11:09:25 - __main__ - INFO - Best parameters found: {'classifier__max_depth': 10, 'classifier__min_samples_leaf': 1, 'classifier__min_samples_split': 20, 'classifier__n_estimators': 200}
2025-07-21 11:09:25 - __main__ - INFO - Saved best parameters to results/train/phone/42/rf/best_params.json
2025-07-21 11:09:25 - __main__ - INFO - Training completed successfully
2025-07-30 16:53:36 - __main__ - INFO - Starting training process for rf
2025-07-30 16:53:36 - __main__ - INFO - Data source: phone
2025-07-30 16:53:36 - __main__ - INFO - Initialized classifier: RandomForestClassifier
2025-07-30 16:53:36 - __main__ - INFO - Fitting GridSearchCV...
2025-07-30 16:59:16 - __main__ - INFO - Best parameters found: {'classifier__max_depth': 10, 'classifier__min_samples_leaf': 8, 'classifier__min_samples_split': 20, 'classifier__n_estimators': 200}
2025-07-30 16:59:16 - __main__ - INFO - Saved best parameters to results_rm/train/phone/42/rf/best_params.json
2025-07-30 16:59:16 - __main__ - INFO - Training completed successfully
2025-07-30 17:45:09 - __main__ - INFO - Starting training process for rf
2025-07-30 17:45:09 - __main__ - INFO - Data source: phone
2025-07-30 17:45:09 - __main__ - INFO - Initialized classifier: RandomForestClassifier
2025-07-30 17:45:09 - __main__ - INFO - Fitting GridSearchCV...
2025-07-30 17:50:37 - __main__ - INFO - Best parameters found: {'classifier__max_depth': 10, 'classifier__min_samples_leaf': 8, 'classifier__min_samples_split': 20, 'classifier__n_estimators': 200}
2025-07-30 17:50:37 - __main__ - INFO - Saved best parameters to results_rm/train/phone/42/rf/best_params.json
2025-07-30 17:50:37 - __main__ - INFO - Training completed successfully
2025-07-31 09:03:17 - __main__ - INFO - Starting training process for rf
2025-07-31 09:03:17 - __main__ - INFO - Data source: phone
2025-07-31 09:03:17 - __main__ - INFO - Initialized classifier: RandomForestClassifier
2025-07-31 09:03:17 - __main__ - INFO - Fitting GridSearchCV...
2025-07-31 09:08:33 - __main__ - INFO - Best parameters found: {'classifier__max_depth': 10, 'classifier__min_samples_leaf': 2, 'classifier__min_samples_split': 5, 'classifier__n_estimators': 100}
2025-07-31 09:08:33 - __main__ - INFO - Saved best parameters to results_rm/train/phone/42/rf/best_params.json
2025-07-31 09:08:33 - __main__ - INFO - Training completed successfully
2025-09-13 14:59:53 - __main__ - INFO - Starting training process for rf
2025-09-13 14:59:53 - __main__ - INFO - Data source: phone
2025-09-13 14:59:53 - __main__ - INFO - Initialized classifier: RandomForestClassifier
2025-09-13 14:59:53 - __main__ - INFO - Fitting GridSearchCV...
2025-09-13 15:09:46 - __main__ - INFO - Best parameters found: {'classifier__max_depth': 5, 'classifier__min_samples_leaf': 1, 'classifier__min_samples_split': 2, 'classifier__n_estimators': 300}
2025-09-13 15:09:46 - __main__ - INFO - Saved best parameters to results/train/phone/42/rf/best_params.json
2025-09-13 15:09:46 - __main__ - INFO - Training completed successfully
