2025-07-15 17:23:30 - __main__ - INFO - Starting training process for bagging
2025-07-15 17:23:30 - __main__ - INFO - Data source: phone
2025-07-15 17:23:30 - __main__ - INFO - Initialized classifier: BaggingClassifier
2025-07-15 17:23:30 - __main__ - INFO - Fitting GridSearchCV...
2025-07-15 17:24:09 - __main__ - INFO - Best parameters found: {'classifier__max_features': 1.0, 'classifier__max_samples': 0.5, 'classifier__n_estimators': 50}
2025-07-15 17:24:09 - __main__ - INFO - Saved best parameters to results/train/phone/42/bagging/best_params.json
2025-07-15 17:24:09 - __main__ - INFO - Training completed successfully
2025-07-21 11:09:28 - __main__ - INFO - Starting training process for bagging
2025-07-21 11:09:28 - __main__ - INFO - Data source: phone
2025-07-21 11:09:28 - __main__ - INFO - Initialized classifier: BaggingClassifier
2025-07-21 11:09:28 - __main__ - INFO - Fitting GridSearchCV...
2025-07-21 11:10:02 - __main__ - INFO - Best parameters found: {'classifier__max_features': 1.0, 'classifier__max_samples': 0.5, 'classifier__n_estimators': 100}
2025-07-21 11:10:02 - __main__ - INFO - Saved best parameters to results/train/phone/42/bagging/best_params.json
2025-07-21 11:10:02 - __main__ - INFO - Training completed successfully
2025-07-30 16:59:18 - __main__ - INFO - Starting training process for bagging
2025-07-30 16:59:18 - __main__ - INFO - Data source: phone
2025-07-30 16:59:18 - __main__ - INFO - Initialized classifier: BaggingClassifier
2025-07-30 16:59:18 - __main__ - INFO - Fitting GridSearchCV...
2025-07-30 17:00:00 - __main__ - INFO - Best parameters found: {'classifier__max_features': 0.5, 'classifier__max_samples': 0.5, 'classifier__n_estimators': 100}
2025-07-30 17:00:00 - __main__ - INFO - Saved best parameters to results_rm/train/phone/42/bagging/best_params.json
2025-07-30 17:00:00 - __main__ - INFO - Training completed successfully
2025-07-30 17:50:40 - __main__ - INFO - Starting training process for bagging
2025-07-30 17:50:40 - __main__ - INFO - Data source: phone
2025-07-30 17:50:40 - __main__ - INFO - Initialized classifier: BaggingClassifier
2025-07-30 17:50:40 - __main__ - INFO - Fitting GridSearchCV...
2025-07-30 17:51:19 - __main__ - INFO - Best parameters found: {'classifier__max_features': 0.5, 'classifier__max_samples': 0.5, 'classifier__n_estimators': 100}
2025-07-30 17:51:19 - __main__ - INFO - Saved best parameters to results_rm/train/phone/42/bagging/best_params.json
2025-07-30 17:51:19 - __main__ - INFO - Training completed successfully
2025-07-31 09:08:35 - __main__ - INFO - Starting training process for bagging
2025-07-31 09:08:35 - __main__ - INFO - Data source: phone
2025-07-31 09:08:35 - __main__ - INFO - Initialized classifier: BaggingClassifier
2025-07-31 09:08:35 - __main__ - INFO - Fitting GridSearchCV...
2025-07-31 09:09:06 - __main__ - INFO - Best parameters found: {'classifier__max_features': 0.7, 'classifier__max_samples': 0.5, 'classifier__n_estimators': 200}
2025-07-31 09:09:06 - __main__ - INFO - Saved best parameters to results_rm/train/phone/42/bagging/best_params.json
2025-07-31 09:09:06 - __main__ - INFO - Training completed successfully
2025-09-13 15:10:07 - __main__ - INFO - Starting training process for bagging
2025-09-13 15:10:07 - __main__ - INFO - Data source: phone
2025-09-13 15:10:07 - __main__ - INFO - Initialized classifier: BaggingClassifier
2025-09-13 15:10:07 - __main__ - INFO - Fitting GridSearchCV...
2025-09-13 15:10:49 - __main__ - INFO - Best parameters found: {'classifier__max_features': 0.5, 'classifier__max_samples': 0.5, 'classifier__n_estimators': 500}
2025-09-13 15:10:49 - __main__ - INFO - Saved best parameters to results/train/phone/42/bagging/best_params.json
2025-09-13 15:10:49 - __main__ - INFO - Training completed successfully
